<?xml version="1.0" encoding="windows-1252" standalone="no"?>
<!DOCTYPE log SYSTEM "logger.dtd">
<log>
<record>
  <date>2025-05-31T10:12:40.044720100Z</date>
  <millis>1748686360044</millis>
  <nanos>720100</nanos>
  <sequence>1</sequence>
  <logger>CoordinatorLogger</logger>
  <level>INFO</level>
  <class>CoordinatorImpl</class>
  <method>addNode</method>
  <thread>1</thread>
  <message>Node added: Node1</message>
</record>
<record>
  <date>2025-05-31T10:12:40.057719400Z</date>
  <millis>1748686360057</millis>
  <nanos>719400</nanos>
  <sequence>2</sequence>
  <logger>CoordinatorLogger</logger>
  <level>INFO</level>
  <class>CoordinatorImpl</class>
  <method>addNode</method>
  <thread>1</thread>
  <message>Node added: Node2</message>
</record>
<record>
  <date>2025-05-31T10:12:40.061718800Z</date>
  <millis>1748686360061</millis>
  <nanos>718800</nanos>
  <sequence>3</sequence>
  <logger>CoordinatorLogger</logger>
  <level>INFO</level>
  <class>CoordinatorImpl</class>
  <method>addNode</method>
  <thread>1</thread>
  <message>Node added: Node3</message>
</record>
<record>
  <date>2025-05-31T10:13:11.094320Z</date>
  <millis>1748686391094</millis>
  <nanos>320000</nanos>
  <sequence>4</sequence>
  <logger>CoordinatorLogger</logger>
  <level>INFO</level>
  <class>CoordinatorImpl</class>
  <method>generateToken</method>
  <thread>32</thread>
  <message>Token generated for user: lory</message>
</record>
<record>
  <date>2025-05-31T10:13:24.919971900Z</date>
  <millis>1748686404919</millis>
  <nanos>971900</nanos>
  <sequence>5</sequence>
  <logger>CoordinatorLogger</logger>
  <level>INFO</level>
  <class>CoordinatorImpl</class>
  <method>handleFileOperation</method>
  <thread>32</thread>
  <message>Creating backup for: qa/file.txt by user: lory</message>
</record>
<record>
  <date>2025-05-31T10:13:24.922972Z</date>
  <millis>1748686404922</millis>
  <nanos>972000</nanos>
  <sequence>6</sequence>
  <logger>CoordinatorLogger</logger>
  <level>INFO</level>
  <class>CoordinatorImpl</class>
  <method>handleFileOperation</method>
  <thread>32</thread>
  <message>Backup result from Node1: Backup 1 created successfully</message>
</record>
<record>
  <date>2025-05-31T10:13:24.929974200Z</date>
  <millis>1748686404929</millis>
  <nanos>974200</nanos>
  <sequence>7</sequence>
  <logger>CoordinatorLogger</logger>
  <level>INFO</level>
  <class>CoordinatorImpl</class>
  <method>handleFileOperation</method>
  <thread>32</thread>
  <message>[LB] Version check node: Node1</message>
</record>
<record>
  <date>2025-05-31T10:13:24.937979400Z</date>
  <millis>1748686404937</millis>
  <nanos>979400</nanos>
  <sequence>8</sequence>
  <logger>CoordinatorLogger</logger>
  <level>INFO</level>
  <class>CoordinatorImpl</class>
  <method>handleFileOperation</method>
  <thread>32</thread>
  <message>[LB] Selected Node2 as primary for add | Load: 1</message>
</record>
<record>
  <date>2025-05-31T10:13:24.947470100Z</date>
  <millis>1748686404947</millis>
  <nanos>470100</nanos>
  <sequence>9</sequence>
  <logger>CoordinatorLogger</logger>
  <level>INFO</level>
  <class>CoordinatorImpl</class>
  <method>handleFileOperation</method>
  <thread>32</thread>
  <message>Lock released for: qa/file.txt by user: lory</message>
</record>
<record>
  <date>2025-05-31T10:13:42.304540100Z</date>
  <millis>1748686422304</millis>
  <nanos>540100</nanos>
  <sequence>10</sequence>
  <logger>CoordinatorLogger</logger>
  <level>INFO</level>
  <class>CoordinatorImpl</class>
  <method>requestFileFromNode</method>
  <thread>32</thread>
  <message>File request initiated by lory for: qa/file.txt</message>
</record>
<record>
  <date>2025-05-31T10:13:42.306540500Z</date>
  <millis>1748686422306</millis>
  <nanos>540500</nanos>
  <sequence>11</sequence>
  <logger>CoordinatorLogger</logger>
  <level>INFO</level>
  <class>CoordinatorImpl</class>
  <method>requestFileFromNode</method>
  <thread>32</thread>
  <message>Trying node: Node3 (Attempt: 1)</message>
</record>
<record>
  <date>2025-05-31T10:13:42.328483800Z</date>
  <millis>1748686422328</millis>
  <nanos>483800</nanos>
  <sequence>12</sequence>
  <logger>CoordinatorLogger</logger>
  <level>INFO</level>
  <class>CoordinatorImpl</class>
  <method>requestFileFromNode</method>
  <thread>32</thread>
  <message>File retrieved successfully from node: Node3</message>
</record>
<record>
  <date>2025-05-31T10:14:01.616850100Z</date>
  <millis>1748686441616</millis>
  <nanos>850100</nanos>
  <sequence>13</sequence>
  <logger>CoordinatorLogger</logger>
  <level>INFO</level>
  <class>CoordinatorImpl</class>
  <method>getFileContentFromAnyNode</method>
  <thread>32</thread>
  <message>File content retrieved from node: Node1</message>
</record>
<record>
  <date>2025-05-31T10:14:01.618849300Z</date>
  <millis>1748686441618</millis>
  <nanos>849300</nanos>
  <sequence>14</sequence>
  <logger>CoordinatorLogger</logger>
  <level>INFO</level>
  <class>CoordinatorImpl</class>
  <method>handleFileOperation</method>
  <thread>32</thread>
  <message>Creating backup for: qa/file.txt by user: lory</message>
</record>
<record>
  <date>2025-05-31T10:14:01.621846400Z</date>
  <millis>1748686441621</millis>
  <nanos>846400</nanos>
  <sequence>15</sequence>
  <logger>CoordinatorLogger</logger>
  <level>INFO</level>
  <class>CoordinatorImpl</class>
  <method>handleFileOperation</method>
  <thread>32</thread>
  <message>Backup result from Node1: Backup 2 created successfully</message>
</record>
<record>
  <date>2025-05-31T10:14:01.623849200Z</date>
  <millis>1748686441623</millis>
  <nanos>849200</nanos>
  <sequence>16</sequence>
  <logger>CoordinatorLogger</logger>
  <level>INFO</level>
  <class>CoordinatorImpl</class>
  <method>handleFileOperation</method>
  <thread>32</thread>
  <message>[LB] Version check node: Node1</message>
</record>
<record>
  <date>2025-05-31T10:14:01.624846200Z</date>
  <millis>1748686441624</millis>
  <nanos>846200</nanos>
  <sequence>17</sequence>
  <logger>CoordinatorLogger</logger>
  <level>INFO</level>
  <class>CoordinatorImpl</class>
  <method>handleFileOperation</method>
  <thread>32</thread>
  <message>[LB] Selected Node2 as primary for update | Load: 2</message>
</record>
<record>
  <date>2025-05-31T10:14:01.628851200Z</date>
  <millis>1748686441628</millis>
  <nanos>851200</nanos>
  <sequence>18</sequence>
  <logger>CoordinatorLogger</logger>
  <level>INFO</level>
  <class>CoordinatorImpl</class>
  <method>handleFileOperation</method>
  <thread>32</thread>
  <message>Lock released for: qa/file.txt by user: lory</message>
</record>
<record>
  <date>2025-05-31T10:14:16.304080500Z</date>
  <millis>1748686456304</millis>
  <nanos>80500</nanos>
  <sequence>19</sequence>
  <logger>CoordinatorLogger</logger>
  <level>INFO</level>
  <class>CoordinatorImpl</class>
  <method>requestFileFromNode</method>
  <thread>32</thread>
  <message>File request initiated by lory for: qa/file.txt</message>
</record>
<record>
  <date>2025-05-31T10:14:16.307086500Z</date>
  <millis>1748686456307</millis>
  <nanos>86500</nanos>
  <sequence>20</sequence>
  <logger>CoordinatorLogger</logger>
  <level>INFO</level>
  <class>CoordinatorImpl</class>
  <method>requestFileFromNode</method>
  <thread>32</thread>
  <message>Trying node: Node3 (Attempt: 1)</message>
</record>
<record>
  <date>2025-05-31T10:14:16.322207800Z</date>
  <millis>1748686456322</millis>
  <nanos>207800</nanos>
  <sequence>21</sequence>
  <logger>CoordinatorLogger</logger>
  <level>INFO</level>
  <class>CoordinatorImpl</class>
  <method>requestFileFromNode</method>
  <thread>32</thread>
  <message>File retrieved successfully from node: Node3</message>
</record>
<record>
  <date>2025-05-31T10:14:38.701857900Z</date>
  <millis>1748686478701</millis>
  <nanos>857900</nanos>
  <sequence>22</sequence>
  <logger>CoordinatorLogger</logger>
  <level>INFO</level>
  <class>CoordinatorImpl</class>
  <method>generateToken</method>
  <thread>33</thread>
  <message>Token generated for user: hbib</message>
</record>
<record>
  <date>2025-05-31T10:14:53.131085600Z</date>
  <millis>1748686493131</millis>
  <nanos>85600</nanos>
  <sequence>23</sequence>
  <logger>CoordinatorLogger</logger>
  <level>INFO</level>
  <class>CoordinatorImpl</class>
  <method>requestFileFromNode</method>
  <thread>33</thread>
  <message>File request initiated by hbib for: qa/file.txt</message>
</record>
<record>
  <date>2025-05-31T10:14:53.133084900Z</date>
  <millis>1748686493133</millis>
  <nanos>84900</nanos>
  <sequence>24</sequence>
  <logger>CoordinatorLogger</logger>
  <level>INFO</level>
  <class>CoordinatorImpl</class>
  <method>requestFileFromNode</method>
  <thread>33</thread>
  <message>Trying node: Node1 (Attempt: 1)</message>
</record>
<record>
  <date>2025-05-31T10:14:53.139089200Z</date>
  <millis>1748686493139</millis>
  <nanos>89200</nanos>
  <sequence>25</sequence>
  <logger>CoordinatorLogger</logger>
  <level>INFO</level>
  <class>CoordinatorImpl</class>
  <method>requestFileFromNode</method>
  <thread>33</thread>
  <message>File retrieved successfully from node: Node1</message>
</record>
<record>
  <date>2025-05-31T10:15:10.452923900Z</date>
  <millis>1748686510452</millis>
  <nanos>923900</nanos>
  <sequence>26</sequence>
  <logger>CoordinatorLogger</logger>
  <level>INFO</level>
  <class>CoordinatorImpl</class>
  <method>generateToken</method>
  <thread>32</thread>
  <message>Token generated for user: lulu</message>
</record>
<record>
  <date>2025-05-31T10:15:20.546246800Z</date>
  <millis>1748686520546</millis>
  <nanos>246800</nanos>
  <sequence>27</sequence>
  <logger>CoordinatorLogger</logger>
  <level>INFO</level>
  <class>CoordinatorImpl</class>
  <method>requestFileFromNode</method>
  <thread>32</thread>
  <message>File request initiated by lulu for: qa/file.txt</message>
</record>
<record>
  <date>2025-05-31T10:15:20.548249100Z</date>
  <millis>1748686520548</millis>
  <nanos>249100</nanos>
  <sequence>28</sequence>
  <logger>CoordinatorLogger</logger>
  <level>INFO</level>
  <class>CoordinatorImpl</class>
  <method>requestFileFromNode</method>
  <thread>32</thread>
  <message>Trying node: Node2 (Attempt: 1)</message>
</record>
<record>
  <date>2025-05-31T10:15:20.553247800Z</date>
  <millis>1748686520553</millis>
  <nanos>247800</nanos>
  <sequence>29</sequence>
  <logger>CoordinatorLogger</logger>
  <level>INFO</level>
  <class>CoordinatorImpl</class>
  <method>requestFileFromNode</method>
  <thread>32</thread>
  <message>File retrieved successfully from node: Node2</message>
</record>
